Build started 24/04/2017 09:39:20 PM.
     1>Project "G:\حاسبات ومعلومات\2-ثانيـــــــــــــــــــــه\سنه ثانيــه..الترم التانى\File Structure\ahmed\ahmed\ahmed.vcxproj" on node 2 (build target(s)).
     1>InitializeBuildStatus:
         Creating "Debug\ahmed.unsuccessfulbuild" because "AlwaysCreate" was specified.
       ClCompile:
         C:\Program Files (x86)\Microsoft Visual Studio 10.0\VC\bin\CL.exe /c /ZI /nologo /W3 /WX- /Od /Oy- /D _MBCS /Gm /EHsc /RTC1 /MDd /GS /fp:precise /Zc:wchar_t /Zc:forScope /Fo"Debug\\" /Fd"Debug\vc100.pdb" /Gd /TP /analyze- /errorReport:prompt course.cpp registration.cpp source.cpp student.cpp
         student.cpp
     1>g:\حاسبات ومعلومات\2-ثانيـــــــــــــــــــــه\سنه ثانيــه..الترم التانى\file structure\ahmed\ahmed\student.cpp(31): warning C4244: 'initializing' : conversion from 'std::streamoff' to 'int', possible loss of data
     1>g:\حاسبات ومعلومات\2-ثانيـــــــــــــــــــــه\سنه ثانيــه..الترم التانى\file structure\ahmed\ahmed\student.cpp(69): warning C4244: 'initializing' : conversion from 'std::streamoff' to 'int', possible loss of data
     1>g:\حاسبات ومعلومات\2-ثانيـــــــــــــــــــــه\سنه ثانيــه..الترم التانى\file structure\ahmed\ahmed\student.cpp(135): warning C4996: 'strcpy': This function or variable may be unsafe. Consider using strcpy_s instead. To disable deprecation, use _CRT_SECURE_NO_WARNINGS. See online help for details.
                 c:\program files (x86)\microsoft visual studio 10.0\vc\include\string.h(105) : see declaration of 'strcpy'
     1>g:\حاسبات ومعلومات\2-ثانيـــــــــــــــــــــه\سنه ثانيــه..الترم التانى\file structure\ahmed\ahmed\student.cpp(142): warning C4996: 'strcpy': This function or variable may be unsafe. Consider using strcpy_s instead. To disable deprecation, use _CRT_SECURE_NO_WARNINGS. See online help for details.
                 c:\program files (x86)\microsoft visual studio 10.0\vc\include\string.h(105) : see declaration of 'strcpy'
     1>g:\حاسبات ومعلومات\2-ثانيـــــــــــــــــــــه\سنه ثانيــه..الترم التانى\file structure\ahmed\ahmed\student.cpp(148): warning C4996: 'strcpy': This function or variable may be unsafe. Consider using strcpy_s instead. To disable deprecation, use _CRT_SECURE_NO_WARNINGS. See online help for details.
                 c:\program files (x86)\microsoft visual studio 10.0\vc\include\string.h(105) : see declaration of 'strcpy'
     1>g:\حاسبات ومعلومات\2-ثانيـــــــــــــــــــــه\سنه ثانيــه..الترم التانى\file structure\ahmed\ahmed\student.cpp(220): warning C4244: 'initializing' : conversion from 'std::streamoff' to 'int', possible loss of data
         source.cpp
     1>g:\حاسبات ومعلومات\2-ثانيـــــــــــــــــــــه\سنه ثانيــه..الترم التانى\file structure\ahmed\ahmed\source.cpp(19): warning C4129: '_' : unrecognized character escape sequence
     1>g:\حاسبات ومعلومات\2-ثانيـــــــــــــــــــــه\سنه ثانيــه..الترم التانى\file structure\ahmed\ahmed\source.cpp(22): warning C4129: '_' : unrecognized character escape sequence
         registration.cpp
     1>g:\حاسبات ومعلومات\2-ثانيـــــــــــــــــــــه\سنه ثانيــه..الترم التانى\file structure\ahmed\ahmed\registration.cpp(176): warning C4244: 'initializing' : conversion from 'std::streamoff' to 'int', possible loss of data
     1>g:\حاسبات ومعلومات\2-ثانيـــــــــــــــــــــه\سنه ثانيــه..الترم التانى\file structure\ahmed\ahmed\registration.cpp(450): warning C4244: 'initializing' : conversion from 'std::streamoff' to 'int', possible loss of data
         course.cpp
     1>g:\حاسبات ومعلومات\2-ثانيـــــــــــــــــــــه\سنه ثانيــه..الترم التانى\file structure\ahmed\ahmed\course.cpp(52): warning C4996: 'strcpy': This function or variable may be unsafe. Consider using strcpy_s instead. To disable deprecation, use _CRT_SECURE_NO_WARNINGS. See online help for details.
                 c:\program files (x86)\microsoft visual studio 10.0\vc\include\string.h(105) : see declaration of 'strcpy'
     1>g:\حاسبات ومعلومات\2-ثانيـــــــــــــــــــــه\سنه ثانيــه..الترم التانى\file structure\ahmed\ahmed\course.cpp(59): warning C4996: 'strcpy': This function or variable may be unsafe. Consider using strcpy_s instead. To disable deprecation, use _CRT_SECURE_NO_WARNINGS. See online help for details.
                 c:\program files (x86)\microsoft visual studio 10.0\vc\include\string.h(105) : see declaration of 'strcpy'
     1>g:\حاسبات ومعلومات\2-ثانيـــــــــــــــــــــه\سنه ثانيــه..الترم التانى\file structure\ahmed\ahmed\course.cpp(65): warning C4996: 'strcpy': This function or variable may be unsafe. Consider using strcpy_s instead. To disable deprecation, use _CRT_SECURE_NO_WARNINGS. See online help for details.
                 c:\program files (x86)\microsoft visual studio 10.0\vc\include\string.h(105) : see declaration of 'strcpy'
     1>g:\حاسبات ومعلومات\2-ثانيـــــــــــــــــــــه\سنه ثانيــه..الترم التانى\file structure\ahmed\ahmed\course.cpp(236): warning C4244: 'initializing' : conversion from 'std::streamoff' to 'int', possible loss of data
     1>g:\حاسبات ومعلومات\2-ثانيـــــــــــــــــــــه\سنه ثانيــه..الترم التانى\file structure\ahmed\ahmed\course.cpp(191): warning C4101: 're' : unreferenced local variable
         Generating Code...
       Link:
         C:\Program Files (x86)\Microsoft Visual Studio 10.0\VC\bin\link.exe /ERRORREPORT:PROMPT /OUT:"G:\حاسبات ومعلومات\2-ثانيـــــــــــــــــــــه\سنه ثانيــه..الترم التانى\File Structure\ahmed\Debug\ahmed.exe" /NOLOGO kernel32.lib user32.lib gdi32.lib winspool.lib comdlg32.lib advapi32.lib shell32.lib ole32.lib oleaut32.lib uuid.lib odbc32.lib odbccp32.lib /MANIFEST /ManifestFile:"Debug\ahmed.exe.intermediate.manifest" /MANIFESTUAC:"level='asInvoker' uiAccess='false'" /DEBUG /PDB:"G:\حاسبات ومعلومات\2-ثانيـــــــــــــــــــــه\سنه ثانيــه..الترم التانى\File Structure\ahmed\Debug\ahmed.pdb" /TLBID:1 /DYNAMICBASE /NXCOMPAT /IMPLIB:"G:\حاسبات ومعلومات\2-ثانيـــــــــــــــــــــه\سنه ثانيــه..الترم التانى\File Structure\ahmed\Debug\ahmed.lib" /MACHINE:X86 Debug\course.obj
         Debug\registration.obj
         Debug\source.obj
         Debug\student.obj
         LINK : G:\حاسبات ومعلومات\2-ثانيـــــــــــــــــــــه\سنه ثانيــه..الترم التانى\File Structure\ahmed\Debug\ahmed.exe not found or not built by the last incremental link; performing full link
         ahmed.vcxproj -> G:\حاسبات ومعلومات\2-ثانيـــــــــــــــــــــه\سنه ثانيــه..الترم التانى\File Structure\ahmed\Debug\ahmed.exe
       Manifest:
         C:\Program Files (x86)\Microsoft SDKs\Windows\v7.0A\bin\mt.exe /nologo /verbose /outputresource:"G:\حاسبات ومعلومات\2-ثانيـــــــــــــــــــــه\سنه ثانيــه..الترم التانى\File Structure\ahmed\Debug\ahmed.exe;#1" /manifest Debug\ahmed.exe.intermediate.manifest
       FinalizeBuildStatus:
         Deleting file "Debug\ahmed.unsuccessfulbuild".
         Touching "Debug\ahmed.lastbuildstate".
     1>Done Building Project "G:\حاسبات ومعلومات\2-ثانيـــــــــــــــــــــه\سنه ثانيــه..الترم التانى\File Structure\ahmed\ahmed\ahmed.vcxproj" (build target(s)).

Build succeeded.

Time Elapsed 00:00:11.71
